<?xml version="1.0" encoding="UTF-8"?>
<!-- Generated by org.testng.reporters.JUnitXMLReporter -->
<testsuite hostname="DESKTOP-JF602DO" ignored="5" name="Test" tests="1" failures="0" timestamp="18 Jun 2020 18:42:10 GMT" time="23.244" errors="0">
  <testcase name="TC04" time="12.941" classname="FuntionalTestCases.Sprint_1"/>
  <testcase name="TC01" time="0.0" classname="FuntionalTestCases.Sprint_1">
    <ignored/>
  </testcase> <!-- TC01 -->
  <testcase name="TC05" time="0.0" classname="FuntionalTestCases.Sprint_1">
    <ignored/>
  </testcase> <!-- TC05 -->
  <testcase name="TC03" time="0.0" classname="FuntionalTestCases.Sprint_1">
    <ignored/>
  </testcase> <!-- TC03 -->
  <testcase name="TC02" time="0.0" classname="FuntionalTestCases.Sprint_1">
    <ignored/>
  </testcase> <!-- TC02 -->
  <testcase name="TC06" time="0.0" classname="FuntionalTestCases.Sprint_1">
    <ignored/>
  </testcase> <!-- TC06 -->
</testsuite> <!-- Test -->
