<?xml version="1.0" encoding="UTF-8"?>
<testng-results skipped="0" failed="0" ignored="5" total="6" passed="1">
  <reporter-output>
  </reporter-output>
  <suite name="Suite" duration-ms="23244" started-at="2020-06-18T18:41:47Z" finished-at="2020-06-18T18:42:10Z">
    <groups>
    </groups>
    <test name="Test" duration-ms="23244" started-at="2020-06-18T18:41:47Z" finished-at="2020-06-18T18:42:10Z">
      <class name="FuntionalTestCases.Sprint_1">
        <test-method status="PASS" signature="startReport()[pri:0, instance:FuntionalTestCases.Sprint_1@3e6fa38a]" name="startReport" is-config="true" duration-ms="185" started-at="2020-06-19T00:11:47Z" finished-at="2020-06-19T00:11:47Z">
          <reporter-output>
          </reporter-output>
        </test-method> <!-- startReport -->
        <test-method status="PASS" signature="LaunchBrowser(java.lang.String, java.lang.String)[pri:0, instance:FuntionalTestCases.Sprint_1@3e6fa38a]" name="LaunchBrowser" is-config="true" duration-ms="9754" started-at="2020-06-19T00:11:47Z" finished-at="2020-06-19T00:11:57Z">
          <params>
            <param index="0">
              <value>
                <![CDATA[chrome]]>
              </value>
            </param>
            <param index="1">
              <value>
                <![CDATA[https://opensource-demo.orangehrmlive.com/]]>
              </value>
            </param>
          </params>
          <reporter-output>
          </reporter-output>
        </test-method> <!-- LaunchBrowser -->
        <test-method status="PASS" signature="TC04()[pri:4, instance:FuntionalTestCases.Sprint_1@3e6fa38a]" name="TC04" duration-ms="12941" started-at="2020-06-19T00:11:57Z" description="Add Recruitment Vacancy" finished-at="2020-06-19T00:12:10Z">
          <reporter-output>
          </reporter-output>
        </test-method> <!-- TC04 -->
        <test-method status="PASS" signature="CloseBrowser()[pri:0, instance:FuntionalTestCases.Sprint_1@3e6fa38a]" name="CloseBrowser" is-config="true" duration-ms="0" started-at="2020-06-19T00:12:10Z" finished-at="2020-06-19T00:12:10Z">
          <reporter-output>
          </reporter-output>
        </test-method> <!-- CloseBrowser -->
        <test-method status="PASS" signature="getResult(org.testng.ITestResult)[pri:0, instance:FuntionalTestCases.Sprint_1@3e6fa38a]" name="getResult" is-config="true" duration-ms="531" started-at="2020-06-19T00:12:10Z" finished-at="2020-06-19T00:12:10Z">
          <params>
            <param index="0">
              <value>
                <![CDATA[[TestResult name=TC04 status=SUCCESS method=Sprint_1.TC04()[pri:4, instance:FuntionalTestCases.Sprint_1@3e6fa38a] output={null}]]]>
              </value>
            </param>
          </params>
          <reporter-output>
          </reporter-output>
        </test-method> <!-- getResult -->
        <test-method status="PASS" signature="endReport()[pri:0, instance:FuntionalTestCases.Sprint_1@3e6fa38a]" name="endReport" is-config="true" duration-ms="315" started-at="2020-06-19T00:12:10Z" finished-at="2020-06-19T00:12:11Z">
          <reporter-output>
          </reporter-output>
        </test-method> <!-- endReport -->
      </class> <!-- FuntionalTestCases.Sprint_1 -->
    </test> <!-- Test -->
  </suite> <!-- Suite -->
</testng-results>
