<?xml version="1.0" encoding="UTF-8"?>
<testng-results ignored="5" total="6" passed="0" failed="1" skipped="0">
  <reporter-output>
  </reporter-output>
  <suite started-at="2022-05-04T22:39:57 IST" name="Suite" finished-at="2022-05-04T22:40:10 IST" duration-ms="13259">
    <groups>
    </groups>
    <test started-at="2022-05-04T22:39:57 IST" name="Regression" finished-at="2022-05-04T22:40:10 IST" duration-ms="13259">
      <class name="FuntionalTestCases.Sprint_1">
        <test-method is-config="true" signature="startReport()[pri:0, instance:FuntionalTestCases.Sprint_1@3b6ddd1d]" started-at="2022-05-04T22:39:57 IST" name="startReport" finished-at="2022-05-04T22:39:57 IST" duration-ms="156" status="PASS">
          <reporter-output>
          </reporter-output>
        </test-method> <!-- startReport -->
        <test-method is-config="true" signature="LaunchBrowser(java.lang.String,java.lang.String)[pri:0, instance:FuntionalTestCases.Sprint_1@3b6ddd1d]" started-at="2022-05-04T22:39:57 IST" name="LaunchBrowser" finished-at="2022-05-04T22:40:03 IST" duration-ms="6467" status="PASS">
          <params>
            <param index="0">
              <value>
                <![CDATA[chrome]]>
              </value>
            </param>
            <param index="1">
              <value>
                <![CDATA[https://opensource-demo.orangehrmlive.com/]]>
              </value>
            </param>
          </params>
          <reporter-output>
          </reporter-output>
        </test-method> <!-- LaunchBrowser -->
        <test-method signature="Login()[pri:1, instance:FuntionalTestCases.Sprint_1@3b6ddd1d]" started-at="2022-05-04T22:40:03 IST" name="Login" description="Login" finished-at="2022-05-04T22:40:10 IST" duration-ms="6457" status="FAIL">
          <exception class="java.lang.AssertionError">
            <message>
              <![CDATA[expected [false] but found [true]]]>
            </message>
            <full-stacktrace>
              <![CDATA[java.lang.AssertionError: expected [false] but found [true]
at org.testng.Assert.fail(Assert.java:99)
at org.testng.Assert.failNotEquals(Assert.java:1037)
at org.testng.Assert.assertFalse(Assert.java:67)
at org.testng.Assert.assertFalse(Assert.java:77)
at FuntionalTestCases.Sprint_1.Login(Sprint_1.java:39)
at java.base/jdk.internal.reflect.NativeMethodAccessorImpl.invoke0(Native Method)
at java.base/jdk.internal.reflect.NativeMethodAccessorImpl.invoke(NativeMethodAccessorImpl.java:62)
at java.base/jdk.internal.reflect.DelegatingMethodAccessorImpl.invoke(DelegatingMethodAccessorImpl.java:43)
at java.base/java.lang.reflect.Method.invoke(Method.java:564)
at org.testng.internal.MethodInvocationHelper.invokeMethod(MethodInvocationHelper.java:133)
at org.testng.internal.TestInvoker.invokeMethod(TestInvoker.java:598)
at org.testng.internal.TestInvoker.invokeTestMethod(TestInvoker.java:173)
at org.testng.internal.MethodRunner.runInSequence(MethodRunner.java:46)
at org.testng.internal.TestInvoker$MethodInvocationAgent.invoke(TestInvoker.java:824)
at org.testng.internal.TestInvoker.invokeTestMethods(TestInvoker.java:146)
at org.testng.internal.TestMethodWorker.invokeTestMethods(TestMethodWorker.java:146)
at org.testng.internal.TestMethodWorker.run(TestMethodWorker.java:128)
at java.base/java.util.ArrayList.forEach(ArrayList.java:1511)
at org.testng.TestRunner.privateRun(TestRunner.java:794)
at org.testng.TestRunner.run(TestRunner.java:596)
at org.testng.SuiteRunner.runTest(SuiteRunner.java:377)
at org.testng.SuiteRunner.runSequentially(SuiteRunner.java:371)
at org.testng.SuiteRunner.privateRun(SuiteRunner.java:332)
at org.testng.SuiteRunner.run(SuiteRunner.java:276)
at org.testng.SuiteRunnerWorker.runSuite(SuiteRunnerWorker.java:53)
at org.testng.SuiteRunnerWorker.run(SuiteRunnerWorker.java:96)
at org.testng.TestNG.runSuitesSequentially(TestNG.java:1212)
at org.testng.TestNG.runSuitesLocally(TestNG.java:1134)
at org.testng.TestNG.runSuites(TestNG.java:1063)
at org.testng.TestNG.run(TestNG.java:1031)
at org.testng.remote.AbstractRemoteTestNG.run(AbstractRemoteTestNG.java:115)
at org.testng.remote.RemoteTestNG.initAndRun(RemoteTestNG.java:251)
at org.testng.remote.RemoteTestNG.main(RemoteTestNG.java:77)
]]>
            </full-stacktrace>
          </exception> <!-- java.lang.AssertionError -->
          <reporter-output>
          </reporter-output>
        </test-method> <!-- Login -->
        <test-method is-config="true" signature="getResult(org.testng.ITestResult)[pri:0, instance:FuntionalTestCases.Sprint_1@3b6ddd1d]" started-at="2022-05-04T22:40:10 IST" name="getResult" finished-at="2022-05-04T22:40:10 IST" duration-ms="301" status="PASS">
          <params>
            <param index="0">
              <value>
                <![CDATA[[TestResult name=Login status=FAILURE method=Sprint_1.Login()[pri:1, instance:FuntionalTestCases.Sprint_1@3b6ddd1d] output={null}]]]>
              </value>
            </param>
          </params>
          <reporter-output>
          </reporter-output>
        </test-method> <!-- getResult -->
        <test-method is-config="true" signature="CloseBrowser()[pri:0, instance:FuntionalTestCases.Sprint_1@3b6ddd1d]" started-at="2022-05-04T22:40:10 IST" name="CloseBrowser" finished-at="2022-05-04T22:40:10 IST" duration-ms="0" status="PASS">
          <reporter-output>
          </reporter-output>
        </test-method> <!-- CloseBrowser -->
        <test-method is-config="true" signature="endReport()[pri:0, instance:FuntionalTestCases.Sprint_1@3b6ddd1d]" started-at="2022-05-04T22:40:10 IST" name="endReport" finished-at="2022-05-04T22:40:11 IST" duration-ms="547" status="PASS">
          <reporter-output>
          </reporter-output>
        </test-method> <!-- endReport -->
      </class> <!-- FuntionalTestCases.Sprint_1 -->
    </test> <!-- Regression -->
  </suite> <!-- Suite -->
</testng-results>
